<?xml version="1.0" encoding="UTF-8"?>
<!-- Generated by org.testng.reporters.JUnitReportReporter -->
<testsuite hostname="Aara" failures="0" tests="5" name="testCase.TC_002_LoginDataDrivenTest" time="45.752" errors="0" timestamp="2022-12-27T21:52:02 GMT" skipped="0">
  <testcase classname="testCase.TC_002_LoginDataDrivenTest" name="test_LoginDDT" time="1.699"/>
  <system-out/>
  <testcase classname="testCase.TC_002_LoginDataDrivenTest" name="test_LoginDDT" time="11.002"/>
  <system-out/>
  <testcase classname="testCase.TC_002_LoginDataDrivenTest" name="test_LoginDDT" time="11.052"/>
  <system-out/>
  <testcase classname="testCase.TC_002_LoginDataDrivenTest" name="test_LoginDDT" time="10.938"/>
  <system-out/>
  <testcase classname="testCase.TC_002_LoginDataDrivenTest" name="test_LoginDDT" time="11.061"/>
  <system-out/>
</testsuite> <!-- testCase.TC_002_LoginDataDrivenTest -->
