<?xml version="1.0" encoding="UTF-8"?>
<!-- Generated by org.testng.reporters.JUnitReportReporter -->
<testsuite hostname="Aara" failures="0" tests="1" name="testCase.TC_001_AccountRegistrationTest" time="3.993" errors="0" timestamp="2022-12-27T22:02:37 GMT" skipped="0">
  <testcase classname="testCase.TC_001_AccountRegistrationTest" name="test_Account_Registration" time="3.993"/>
  <system-out/>
</testsuite> <!-- testCase.TC_001_AccountRegistrationTest -->
