<?xml version="1.0" encoding="UTF-8"?>
<!-- Generated by org.testng.reporters.JUnitReportReporter -->
<testsuite hostname="Aara" failures="0" tests="1" name="testCase.TC_002_LoginTest" time="1.236" errors="0" timestamp="2022-12-28T23:57:03 GMT" skipped="0">
  <testcase classname="testCase.TC_002_LoginTest" name="test_Login" time="1.236"/>
  <system-out/>
</testsuite> <!-- testCase.TC_002_LoginTest -->
